<?xml version="1.0" encoding="UTF-8"?>
<!-- Generated by org.testng.reporters.JUnitReportReporter -->
<testsuite hostname="Navya" failures="0" tests="1" name="seleniumpackage.SeleniumFirstScript" time="11.096" errors="0" timestamp="11 Oct 2025 05:42:53 GMT" skipped="0">
  <testcase classname="seleniumpackage.SeleniumFirstScript" name="login" time="11.096"/>
</testsuite> <!-- seleniumpackage.SeleniumFirstScript -->
