<?xml version="1.0" encoding="UTF-8"?>
<!-- Generated by org.testng.reporters.JUnitReportReporter -->
<testsuite hostname="Navya" failures="0" tests="1" name="seleniumpackage.SeleniumFirstScript" time="24.701" errors="0" timestamp="05 Oct 2025 07:11:09 GMT" skipped="0">
  <testcase classname="seleniumpackage.SeleniumFirstScript" name="login" time="24.701"/>
</testsuite> <!-- seleniumpackage.SeleniumFirstScript -->
